# JRE version: OpenJDK Runtime Environment (17.0.6) (build 17.0.6+0-b2043.56-10027231)
# Java VM: OpenJDK 64-Bit Server VM (17.0.6+0-b2043.56-10027231, mixed mode, tiered, compressed oops, compressed class ptrs, g1 gc, windows-amd64)
GC Precious Log:
 CPUs: 8 total, 8 available
 Memory: 16281M
 Large Page Support: Disabled
 NUMA Support: Disabled
 Compressed Oops: Enabled (32-bit)
 Heap Region Size: 1M
 Heap Min Capacity: 8M
 Heap Initial Capacity: 256M
 Heap Max Capacity: 2G
 Pre-touch: Disabled
 Parallel Workers: 8
 Concurrent Workers: 2
 Concurrent Refinement Workers: 8
 Periodic GC: Disabled
Heap:
 garbage-first heap   total 459776K, used 235251K [0x0000000080000000, 0x0000000100000000)
  region size 1024K, 5 young (5120K), 5 survivors (5120K)
 Metaspace       used 163098K, committed 163968K, reserved 1196032K
  class space    used 20964K, committed 21376K, reserved 1048576K
GC Heap History (20 events):
Event: 30.472 GC heap after
{Heap after GC invocations=65 (full 0):
 garbage-first heap   total 365568K, used 189933K [0x0000000080000000, 0x0000000100000000)
  region size 1024K, 3 young (3072K), 3 survivors (3072K)
 Metaspace       used 144463K, committed 145216K, reserved 1179648K
  class space    used 18582K, committed 18944K, reserved 1048576K
}
Event: 34.775 GC heap before
{Heap before GC invocations=65 (full 0):
 garbage-first heap   total 365568K, used 292333K [0x0000000080000000, 0x0000000100000000)
  region size 1024K, 103 young (105472K), 3 survivors (3072K)
 Metaspace       used 150973K, committed 151680K, reserved 1187840K
  class space    used 19178K, committed 19520K, reserved 1048576K
}
Event: 34.784 GC heap after
{Heap after GC invocations=66 (full 0):
 garbage-first heap   total 365568K, used 195933K [0x0000000080000000, 0x0000000100000000)
  region size 1024K, 9 young (9216K), 9 survivors (9216K)
 Metaspace       used 150973K, committed 151680K, reserved 1187840K
  class space    used 19178K, committed 19520K, reserved 1048576K
}
Event: 35.933 GC heap before
{Heap before GC invocations=66 (full 0):
 garbage-first heap   total 365568K, used 287069K [0x0000000080000000, 0x0000000100000000)
  region size 1024K, 100 young (102400K), 9 survivors (9216K)
 Metaspace       used 157038K, committed 157824K, reserved 1187840K
  class space    used 20175K, committed 20544K, reserved 1048576K
}
Event: 35.957 GC heap after
{Heap after GC invocations=67 (full 0):
 garbage-first heap   total 365568K, used 195209K [0x0000000080000000, 0x0000000100000000)
  region size 1024K, 13 young (13312K), 13 survivors (13312K)
 Metaspace       used 157038K, committed 157824K, reserved 1187840K
  class space    used 20175K, committed 20544K, reserved 1048576K
}
Event: 38.268 GC heap before
{Heap before GC invocations=68 (full 0):
 garbage-first heap   total 365568K, used 329353K [0x0000000080000000, 0x0000000100000000)
  region size 1024K, 114 young (116736K), 13 survivors (13312K)
 Metaspace       used 163075K, committed 163968K, reserved 1196032K
  class space    used 20963K, committed 21376K, reserved 1048576K
}
Event: 38.293 GC heap after
{Heap after GC invocations=69 (full 0):
 garbage-first heap   total 365568K, used 237785K [0x0000000080000000, 0x0000000100000000)
  region size 1024K, 15 young (15360K), 15 survivors (15360K)
 Metaspace       used 163075K, committed 163968K, reserved 1196032K
  class space    used 20963K, committed 21376K, reserved 1048576K
}
Event: 38.309 GC heap before
{Heap before GC invocations=69 (full 0):
 garbage-first heap   total 365568K, used 239833K [0x0000000080000000, 0x0000000100000000)
  region size 1024K, 17 young (17408K), 15 survivors (15360K)
 Metaspace       used 163075K, committed 163968K, reserved 1196032K
  class space    used 20963K, committed 21376K, reserved 1048576K
}
Event: 38.327 GC heap after
{Heap after GC invocations=70 (full 0):
 garbage-first heap   total 365568K, used 236669K [0x0000000080000000, 0x0000000100000000)
  region size 1024K, 2 young (2048K), 2 survivors (2048K)
 Metaspace       used 163075K, committed 163968K, reserved 1196032K
  class space    used 20963K, committed 21376K, reserved 1048576K
}
Event: 38.899 GC heap before
{Heap before GC invocations=70 (full 0):
 garbage-first heap   total 365568K, used 304253K [0x0000000080000000, 0x0000000100000000)
  region size 1024K, 69 young (70656K), 2 survivors (2048K)
 Metaspace       used 163096K, committed 163968K, reserved 1196032K
  class space    used 20964K, committed 21376K, reserved 1048576K
}
Event: 38.910 GC heap after
{Heap after GC invocations=71 (full 0):
 garbage-first heap   total 365568K, used 249856K [0x0000000080000000, 0x0000000100000000)
  region size 1024K, 9 young (9216K), 9 survivors (9216K)
 Metaspace       used 163096K, committed 163968K, reserved 1196032K
  class space    used 20964K, committed 21376K, reserved 1048576K
}
Event: 39.373 GC heap before
{Heap before GC invocations=71 (full 0):
 garbage-first heap   total 365568K, used 305152K [0x0000000080000000, 0x0000000100000000)
  region size 1024K, 63 young (64512K), 9 survivors (9216K)
 Metaspace       used 163098K, committed 163968K, reserved 1196032K
  class space    used 20964K, committed 21376K, reserved 1048576K
}
Event: 39.381 GC heap after
{Heap after GC invocations=72 (full 0):
 garbage-first heap   total 365568K, used 252172K [0x0000000080000000, 0x0000000100000000)
  region size 1024K, 4 young (4096K), 4 survivors (4096K)
 Metaspace       used 163098K, committed 163968K, reserved 1196032K
  class space    used 20964K, committed 21376K, reserved 1048576K
}
Event: 39.718 GC heap before
{Heap before GC invocations=72 (full 0):
 garbage-first heap   total 365568K, used 307468K [0x0000000080000000, 0x0000000100000000)
  region size 1024K, 58 young (59392K), 4 survivors (4096K)
 Metaspace       used 163098K, committed 163968K, reserved 1196032K
  class space    used 20964K, committed 21376K, reserved 1048576K
}
Event: 39.722 GC heap after
{Heap after GC invocations=73 (full 0):
 garbage-first heap   total 365568K, used 252786K [0x0000000080000000, 0x0000000100000000)
  region size 1024K, 5 young (5120K), 5 survivors (5120K)
 Metaspace       used 163098K, committed 163968K, reserved 1196032K
  class space    used 20964K, committed 21376K, reserved 1048576K
}
Event: 40.114 GC heap before
{Heap before GC invocations=74 (full 0):
 garbage-first heap   total 459776K, used 299890K [0x0000000080000000, 0x0000000100000000)
  region size 1024K, 60 young (61440K), 5 survivors (5120K)
 Metaspace       used 163098K, committed 163968K, reserved 1196032K
  class space    used 20964K, committed 21376K, reserved 1048576K
}
Event: 40.120 GC heap after
{Heap after GC invocations=75 (full 0):
 garbage-first heap   total 459776K, used 244461K [0x0000000080000000, 0x0000000100000000)
  region size 1024K, 6 young (6144K), 6 survivors (6144K)
 Metaspace       used 163098K, committed 163968K, reserved 1196032K
  class space    used 20964K, committed 21376K, reserved 1048576K
}
Event: 40.199 GC heap before
{Heap before GC invocations=75 (full 0):
 garbage-first heap   total 459776K, used 260845K [0x0000000080000000, 0x0000000100000000)
  region size 1024K, 22 young (22528K), 6 survivors (6144K)
 Metaspace       used 163098K, committed 163968K, reserved 1196032K
  class space    used 20964K, committed 21376K, reserved 1048576K
}
Event: 40.204 GC heap after
{Heap after GC invocations=76 (full 0):
 garbage-first heap   total 459776K, used 233010K [0x0000000080000000, 0x0000000100000000)
  region size 1024K, 3 young (3072K), 3 survivors (3072K)
 Metaspace       used 163098K, committed 163968K, reserved 1196032K
  class space    used 20964K, committed 21376K, reserved 1048576K
}
Event: 41.151 GC heap before
{Heap before GC invocations=76 (full 0):
 garbage-first heap   total 459776K, used 373298K [0x0000000080000000, 0x0000000100000000)
  region size 1024K, 140 young (143360K), 3 survivors (3072K)
 Metaspace       used 163098K, committed 163968K, reserved 1196032K
  class space    used 20964K, committed 21376K, reserved 1048576K
}

